2025-06-06 07:22:48.256 [main] INFO  BaseTest.Base - ***validation for invalid result ***
2025-06-06 07:22:48.730 [main] INFO  io.github.bonigarcia.wdm.WebDriverManager - Using chromedriver 137.0.7151.68 (resolved driver for Chrome 137)
2025-06-06 07:22:48.810 [main] INFO  io.github.bonigarcia.wdm.WebDriverManager - Exporting webdriver.chrome.driver as C:\Users\ashut\.cache\selenium\chromedriver\win64\137.0.7151.68\chromedriver.exe
2025-06-06 07:22:58.845 [main] INFO  BaseTest.Base - ***validation for invalid result ***
2025-06-06 07:22:59.241 [main] INFO  io.github.bonigarcia.wdm.WebDriverManager - Using chromedriver 137.0.7151.68 (resolved driver for Chrome 137)
2025-06-06 07:22:59.308 [main] INFO  io.github.bonigarcia.wdm.WebDriverManager - Exporting webdriver.chrome.driver as C:\Users\ashut\.cache\selenium\chromedriver\win64\137.0.7151.68\chromedriver.exe
2025-06-06 07:23:08.732 [main] INFO  BaseTest.Base - ***validation for invalid result ***
2025-06-06 07:23:09.202 [main] INFO  io.github.bonigarcia.wdm.WebDriverManager - Using chromedriver 137.0.7151.68 (resolved driver for Chrome 137)
2025-06-06 07:23:09.289 [main] INFO  io.github.bonigarcia.wdm.WebDriverManager - Exporting webdriver.chrome.driver as C:\Users\ashut\.cache\selenium\chromedriver\win64\137.0.7151.68\chromedriver.exe
2025-06-06 07:23:14.654 [main] INFO  BaseTest.Base - ***validation for invalid result ***
2025-06-06 07:23:14.654 [main] INFO  BaseTest.Base - ***validation for valid result ***
2025-06-06 07:23:15.397 [main] INFO  BaseTest.Base - ***completed LoginDDTest ***
2025-06-06 07:23:15.875 [main] INFO  io.github.bonigarcia.wdm.WebDriverManager - Using chromedriver 137.0.7151.68 (resolved driver for Chrome 137)
2025-06-06 07:23:15.956 [main] INFO  io.github.bonigarcia.wdm.WebDriverManager - Exporting webdriver.chrome.driver as C:\Users\ashut\.cache\selenium\chromedriver\win64\137.0.7151.68\chromedriver.exe
2025-06-06 07:23:19.020 [main] INFO  BaseTest.Base - execution started
2025-06-06 07:30:37.642 [main] INFO  io.github.bonigarcia.wdm.WebDriverManager - Using chromedriver 137.0.7151.68 (resolved driver for Chrome 137)
2025-06-06 07:30:37.727 [main] INFO  io.github.bonigarcia.wdm.WebDriverManager - Exporting webdriver.chrome.driver as C:\Users\ashut\.cache\selenium\chromedriver\win64\137.0.7151.68\chromedriver.exe
2025-06-06 07:30:46.991 [main] INFO  io.github.bonigarcia.wdm.WebDriverManager - Using chromedriver 137.0.7151.68 (resolved driver for Chrome 137)
2025-06-06 07:30:47.127 [main] INFO  io.github.bonigarcia.wdm.WebDriverManager - Exporting webdriver.chrome.driver as C:\Users\ashut\.cache\selenium\chromedriver\win64\137.0.7151.68\chromedriver.exe
2025-06-06 07:30:50.352 [main] INFO  BaseTest.Base - execution started
2025-06-06 07:32:08.703 [main] INFO  io.github.bonigarcia.wdm.WebDriverManager - Using chromedriver 137.0.7151.68 (resolved driver for Chrome 137)
2025-06-06 07:32:08.839 [main] INFO  io.github.bonigarcia.wdm.WebDriverManager - Exporting webdriver.chrome.driver as C:\Users\ashut\.cache\selenium\chromedriver\win64\137.0.7151.68\chromedriver.exe
2025-06-06 07:32:18.564 [main] INFO  io.github.bonigarcia.wdm.WebDriverManager - Using chromedriver 137.0.7151.68 (resolved driver for Chrome 137)
2025-06-06 07:32:18.723 [main] INFO  io.github.bonigarcia.wdm.WebDriverManager - Exporting webdriver.chrome.driver as C:\Users\ashut\.cache\selenium\chromedriver\win64\137.0.7151.68\chromedriver.exe
2025-06-06 07:32:22.068 [main] INFO  BaseTest.Base - execution started
2025-06-06 07:49:57.677 [main] INFO  io.github.bonigarcia.wdm.WebDriverManager - Using chromedriver 137.0.7151.68 (resolved driver for Chrome 137)
2025-06-06 07:49:57.836 [main] INFO  io.github.bonigarcia.wdm.WebDriverManager - Exporting webdriver.chrome.driver as C:\Users\ashut\.cache\selenium\chromedriver\win64\137.0.7151.68\chromedriver.exe
2025-06-06 07:50:08.315 [main] INFO  io.github.bonigarcia.wdm.WebDriverManager - Using chromedriver 137.0.7151.68 (resolved driver for Chrome 137)
2025-06-06 07:50:08.402 [main] INFO  io.github.bonigarcia.wdm.WebDriverManager - Exporting webdriver.chrome.driver as C:\Users\ashut\.cache\selenium\chromedriver\win64\137.0.7151.68\chromedriver.exe
2025-06-06 07:50:10.692 [main] INFO  BaseTest.Base - execution started
2025-06-06 08:08:13.710 [main] INFO  BaseTest.Base - execution started
2025-06-06 08:08:18.275 [AsyncHttpClient-1-4] WARN  org.asynchttpclient.netty.handler.WebSocketHandler - onError
java.net.SocketException: Connection reset
	at java.base/sun.nio.ch.SocketChannelImpl.throwConnectionReset(SocketChannelImpl.java:394) ~[?:?]
	at java.base/sun.nio.ch.SocketChannelImpl.read(SocketChannelImpl.java:426) ~[?:?]
	at io.netty.buffer.PooledByteBuf.setBytes(PooledByteBuf.java:256) ~[netty-buffer-4.1.91.Final.jar:4.1.91.Final]
	at io.netty.buffer.AbstractByteBuf.writeBytes(AbstractByteBuf.java:1132) ~[netty-buffer-4.1.91.Final.jar:4.1.91.Final]
	at io.netty.channel.socket.nio.NioSocketChannel.doReadBytes(NioSocketChannel.java:357) ~[netty-transport-4.1.91.Final.jar:4.1.91.Final]
	at io.netty.channel.nio.AbstractNioByteChannel$NioByteUnsafe.read(AbstractNioByteChannel.java:151) [netty-transport-4.1.91.Final.jar:4.1.91.Final]
	at io.netty.channel.nio.NioEventLoop.processSelectedKey(NioEventLoop.java:788) [netty-transport-4.1.91.Final.jar:4.1.91.Final]
	at io.netty.channel.nio.NioEventLoop.processSelectedKeysOptimized(NioEventLoop.java:724) [netty-transport-4.1.91.Final.jar:4.1.91.Final]
	at io.netty.channel.nio.NioEventLoop.processSelectedKeys(NioEventLoop.java:650) [netty-transport-4.1.91.Final.jar:4.1.91.Final]
	at io.netty.channel.nio.NioEventLoop.run(NioEventLoop.java:562) [netty-transport-4.1.91.Final.jar:4.1.91.Final]
	at io.netty.util.concurrent.SingleThreadEventExecutor$4.run(SingleThreadEventExecutor.java:997) [netty-common-4.1.91.Final.jar:4.1.91.Final]
	at io.netty.util.internal.ThreadExecutorMap$2.run(ThreadExecutorMap.java:74) [netty-common-4.1.91.Final.jar:4.1.91.Final]
	at io.netty.util.concurrent.FastThreadLocalRunnable.run(FastThreadLocalRunnable.java:30) [netty-common-4.1.91.Final.jar:4.1.91.Final]
	at java.base/java.lang.Thread.run(Thread.java:833) [?:?]
