2025-05-17 16:05:14.997 [main] INFO  BaseTest.Base - execution started
2025-05-18 14:37:21.029 [main] INFO  BaseTest.Base - ***validation for invalid result ***
2025-05-18 14:37:21.033 [main] INFO  BaseTest.Base - ***validation for valid result ***
2025-05-18 14:37:21.033 [main] INFO  BaseTest.Base - ***completed LoginDDTest ***
2025-05-18 14:37:31.364 [main] INFO  BaseTest.Base - ***validation for invalid result ***
2025-05-18 14:37:31.364 [main] INFO  BaseTest.Base - ***validation for valid result ***
2025-05-18 14:37:31.364 [main] INFO  BaseTest.Base - ***completed LoginDDTest ***
2025-05-18 14:37:40.474 [main] INFO  BaseTest.Base - ***validation for invalid result ***
2025-05-18 14:37:40.474 [main] INFO  BaseTest.Base - ***validation for valid result ***
2025-05-18 14:37:40.474 [main] INFO  BaseTest.Base - ***completed LoginDDTest ***
2025-05-18 14:37:49.848 [main] INFO  BaseTest.Base - ***validation for invalid result ***
2025-05-18 14:37:49.848 [main] INFO  BaseTest.Base - ***validation for valid result ***
2025-05-18 14:37:49.848 [main] INFO  BaseTest.Base - ***completed LoginDDTest ***
2025-05-18 14:37:55.280 [main] INFO  BaseTest.Base - ***validation for invalid result ***
2025-05-18 14:37:55.281 [main] INFO  BaseTest.Base - ***validation for valid result ***
2025-05-18 14:37:55.975 [main] INFO  BaseTest.Base - ***completed LoginDDTest ***
2025-05-18 14:37:59.191 [main] INFO  BaseTest.Base - execution started
2025-05-18 14:40:49.092 [main] INFO  BaseTest.Base - ***validation for invalid result ***
2025-05-18 14:40:58.686 [main] INFO  BaseTest.Base - ***validation for invalid result ***
2025-05-18 14:41:09.044 [main] INFO  BaseTest.Base - ***validation for invalid result ***
2025-05-18 14:41:18.821 [main] INFO  BaseTest.Base - ***validation for invalid result ***
2025-05-18 14:41:23.942 [main] INFO  BaseTest.Base - ***validation for invalid result ***
2025-05-18 14:41:23.942 [main] INFO  BaseTest.Base - ***validation for valid result ***
2025-05-18 14:41:24.631 [main] INFO  BaseTest.Base - ***completed LoginDDTest ***
2025-05-18 14:41:27.831 [main] INFO  BaseTest.Base - execution started
2025-05-18 14:44:30.505 [main] INFO  BaseTest.Base - ***validation for invalid result ***
2025-05-18 14:44:41.787 [main] INFO  BaseTest.Base - ***validation for invalid result ***
2025-05-18 14:44:53.740 [main] INFO  BaseTest.Base - ***validation for invalid result ***
2025-05-18 14:45:05.586 [main] INFO  BaseTest.Base - ***validation for invalid result ***
2025-05-18 14:45:13.210 [main] INFO  BaseTest.Base - ***validation for invalid result ***
2025-05-18 14:45:13.210 [main] INFO  BaseTest.Base - ***validation for valid result ***
2025-05-18 14:45:13.907 [main] INFO  BaseTest.Base - ***completed LoginDDTest ***
2025-05-18 14:45:16.974 [main] INFO  BaseTest.Base - execution started
2025-05-18 15:21:13.194 [main] INFO  BaseTest.Base - ***validation for invalid result ***
2025-05-18 15:21:25.215 [main] INFO  BaseTest.Base - ***validation for invalid result ***
2025-05-18 15:21:36.593 [main] INFO  BaseTest.Base - ***validation for invalid result ***
2025-05-18 15:21:47.508 [main] INFO  BaseTest.Base - ***validation for invalid result ***
2025-05-18 15:21:58.923 [main] INFO  BaseTest.Base - ***validation for invalid result ***
2025-05-18 15:22:09.877 [main] INFO  BaseTest.Base - ***validation for invalid result ***
2025-05-18 15:22:21.161 [main] INFO  BaseTest.Base - ***validation for invalid result ***
2025-05-18 15:22:31.847 [main] INFO  BaseTest.Base - ***validation for invalid result ***
2025-05-18 15:22:38.588 [main] INFO  BaseTest.Base - ***validation for invalid result ***
2025-05-18 15:22:38.588 [main] INFO  BaseTest.Base - ***validation for valid result ***
2025-05-18 15:22:39.284 [main] INFO  BaseTest.Base - ***completed LoginDDTest ***
2025-05-18 15:22:43.202 [main] INFO  BaseTest.Base - execution started
2025-05-18 16:41:23.872 [main] INFO  BaseTest.Base - ***validation for invalid result ***
2025-05-18 16:41:34.430 [main] INFO  BaseTest.Base - ***validation for invalid result ***
2025-05-18 16:41:45.817 [main] INFO  BaseTest.Base - ***validation for invalid result ***
2025-05-18 16:41:57.106 [main] INFO  BaseTest.Base - ***validation for invalid result ***
2025-05-18 16:42:07.798 [main] INFO  BaseTest.Base - ***validation for invalid result ***
2025-05-18 16:42:19.013 [main] INFO  BaseTest.Base - ***validation for invalid result ***
2025-05-18 16:42:31.096 [main] INFO  BaseTest.Base - ***validation for invalid result ***
2025-05-18 16:42:41.954 [main] INFO  BaseTest.Base - ***validation for invalid result ***
2025-05-18 16:42:49.394 [main] INFO  BaseTest.Base - ***validation for invalid result ***
2025-05-18 16:42:49.394 [main] INFO  BaseTest.Base - ***validation for valid result ***
2025-05-18 16:42:50.084 [main] INFO  BaseTest.Base - ***completed LoginDDTest ***
2025-05-18 16:42:54.098 [main] INFO  BaseTest.Base - execution started
2025-05-19 07:41:11.646 [main] INFO  io.github.bonigarcia.wdm.WebDriverManager - Using chromedriver 136.0.7103.94 (resolved driver for Chrome 136)
